<?xml version="1.0" encoding="UTF-8"?>
<!-- Generated by org.testng.reporters.JUnitReportReporter -->
<testsuite skipped="0" hostname="LAPTOP-BIR49KSK" name="tests.GetRequest" tests="1" failures="0" timestamp="2021-01-09T12:18:23 IST" time="2.929" errors="0">
  <testcase name="getTest" time="2.929" classname="tests.GetRequest"/>
  <system-out/>
</testsuite> <!-- tests.GetRequest -->
