<?xml version="1.0" encoding="UTF-8"?>
<!-- Generated by org.testng.reporters.JUnitReportReporter -->
<testsuite skipped="0" hostname="LAPTOP-BIR49KSK" name="baseTest.GetRequest" tests="1" failures="0" timestamp="2021-01-09T15:55:07 IST" time="125.441" errors="0">
  <testcase name="getTest" time="125.441" classname="baseTest.GetRequest"/>
  <system-out/>
</testsuite> <!-- baseTest.GetRequest -->
