<?xml version="1.0" encoding="UTF-8"?>
<!-- Generated by org.testng.reporters.JUnitReportReporter -->
<testsuite skipped="0" hostname="LAPTOP-BIR49KSK" name="apiTests.GetRequest" tests="1" failures="0" timestamp="2021-01-10T11:08:30 IST" time="1.325" errors="0">
  <testcase name="getTest" time="1.325" classname="apiTests.GetRequest"/>
  <system-out/>
</testsuite> <!-- apiTests.GetRequest -->
