<?xml version="1.0" encoding="UTF-8"?>
<!-- Generated by org.testng.reporters.JUnitReportReporter -->
<testsuite skipped="0" hostname="LAPTOP-BIR49KSK" name="apiTests.OuthTest" tests="1" failures="0" timestamp="2021-01-16T12:43:55 IST" time="3.822" errors="0">
  <testcase name="UnlockTest" time="3.822" classname="apiTests.OuthTest"/>
  <system-out/>
</testsuite> <!-- apiTests.OuthTest -->
